
xv6 kernel is booting

hart 1 starting
hart 2 starting
page table 0x0000000087f62000
 ..0: pte 0x0000000021fd7c01 pa 0x0000000087f5f000
 .. ..0: pte 0x0000000021fd7001 pa 0x0000000087f5c000
 .. .. ..0: pte 0x0000000021fd741f pa 0x0000000087f5d000
 .. .. ..1: pte 0x0000000021fd6c0f pa 0x0000000087f5b000
 .. .. ..2: pte 0x0000000021fd681f pa 0x0000000087f5a000
 .. ..95: pte 0x0000000021fd7801 pa 0x0000000087f5e000
 .. .. ..511: pte 0x0000000021fed807 pa 0x0000000087fb6000
 ..255: pte 0x0000000021fd8401 pa 0x0000000087f61000
 .. ..511: pte 0x0000000021fd8001 pa 0x0000000087f60000
 .. .. ..511: pte 0x0000000020001c0b pa 0x0000000080007000
init: starting sh
$ usertests
usertests starting
test execout: OK
test copyin: OK
test copyout: OK
test copyinstr1: OK
test copyinstr2: OK
test copyinstr3: OK
test truncate1: OK
test truncate2: OK
test truncate3: OK
test reparent2: OK
test pgbug: OK
test sbrkbugs: usertrap(): unexpected scause 0x000000000000000c pid=3234
            sepc=0x00000000000053fc stval=0x00000000000053fc
usertrap(): unexpected scause 0x000000000000000c pid=3235
            sepc=0x00000000000053fc stval=0x00000000000053fc
OK
test badarg: OK
test reparent: OK
test twochildren: OK
test forkfork: OK
test forkforkfork: OK
test argptest: OK
test createdelete: OK
test linkunlink: OK
test linktest: OK
test unlinkread: OK
test concreate: OK
test subdir: OK
test fourfiles: OK
test sharedfd: qemu-system-riscv64: terminating on signal 2
